2025-06-24 13:38:01,318 DEBUG    root            Loaded Command Group: ['gcloud', 'components']
2025-06-24 13:38:01,320 DEBUG    root            Loaded Command Group: ['gcloud', 'components', 'update']
2025-06-24 13:38:01,322 DEBUG    root            Running [gcloud.components.update] with arguments: [--quiet: "True", COMPONENT-IDS:8: "['gcloud', 'core', 'bq', 'gsutil', 'compute', 'preview', 'alpha', 'beta']"]
2025-06-24 13:38:01,323 INFO     ___FILE_ONLY___ Beginning update. This process may take several minutes.

2025-06-24 13:38:01,331 DEBUG    urllib3.connectionpool Starting new HTTPS connection (1): dl.google.com:443
2025-06-24 13:38:01,348 DEBUG    urllib3.connectionpool https://dl.google.com:443 "GET /dl/cloudsdk/channels/rapid/components-2.json HTTP/11" 200 233994
2025-06-24 13:38:01,362 WARNING  root            Component [compute] no longer exists.
2025-06-24 13:38:01,362 INFO     ___FILE_ONLY___ 

2025-06-24 13:38:01,363 INFO     ___FILE_ONLY___ 
Your current Google Cloud CLI version is: 527.0.0

2025-06-24 13:38:01,363 INFO     ___FILE_ONLY___ Installing components from version: 527.0.0

2025-06-24 13:38:01,363 INFO     ___FILE_ONLY___ 

2025-06-24 13:38:01,363 DEBUG    root            Chosen display Format:table[box,title="These components will be removed."](details.display_name:label=Name:align=left,version.version_string:label=Version:align=right,data.size.size(zero="",min=1048576):label=Size:align=right)
2025-06-24 13:38:01,364 DEBUG    root            Chosen display Format:table[box,title="These components will be updated."](details.display_name:label=Name:align=left,version.version_string:label=Version:align=right,data.size.size(zero="",min=1048576):label=Size:align=right)
2025-06-24 13:38:01,364 DEBUG    root            Chosen display Format:table[box,title="These components will be installed."](details.display_name:label=Name:align=left,version.version_string:label=Version:align=right,data.size.size(zero="",min=1048576):label=Size:align=right)
2025-06-24 13:38:01,378 INFO     ___FILE_ONLY___ ┌────────────────────────────────────────────────┐
2025-06-24 13:38:01,378 INFO     ___FILE_ONLY___ 

2025-06-24 13:38:01,379 INFO     ___FILE_ONLY___ │      These components will be installed.       │
2025-06-24 13:38:01,379 INFO     ___FILE_ONLY___ 

2025-06-24 13:38:01,379 INFO     ___FILE_ONLY___ ├─────────────────────────┬────────────┬─────────┤
2025-06-24 13:38:01,379 INFO     ___FILE_ONLY___ 

2025-06-24 13:38:01,379 INFO     ___FILE_ONLY___ │           Name          │  Version   │   Size  │
2025-06-24 13:38:01,379 INFO     ___FILE_ONLY___ 

2025-06-24 13:38:01,379 INFO     ___FILE_ONLY___ ├─────────────────────────┼────────────┼─────────┤
2025-06-24 13:38:01,379 INFO     ___FILE_ONLY___ 

2025-06-24 13:38:01,379 INFO     ___FILE_ONLY___ │ 
2025-06-24 13:38:01,379 INFO     ___FILE_ONLY___ gcloud Alpha Commands  
2025-06-24 13:38:01,379 INFO     ___FILE_ONLY___  
2025-06-24 13:38:01,379 INFO     ___FILE_ONLY___ │ 
2025-06-24 13:38:01,379 INFO     ___FILE_ONLY___ 2025.06.13
2025-06-24 13:38:01,380 INFO     ___FILE_ONLY___  
2025-06-24 13:38:01,380 INFO     ___FILE_ONLY___ │ 
2025-06-24 13:38:01,380 INFO     ___FILE_ONLY___ < 1 MiB
2025-06-24 13:38:01,380 INFO     ___FILE_ONLY___  
2025-06-24 13:38:01,380 INFO     ___FILE_ONLY___ │
2025-06-24 13:38:01,380 INFO     ___FILE_ONLY___ 

2025-06-24 13:38:01,380 INFO     ___FILE_ONLY___ │ 
2025-06-24 13:38:01,380 INFO     ___FILE_ONLY___ gcloud Beta Commands   
2025-06-24 13:38:01,380 INFO     ___FILE_ONLY___  
2025-06-24 13:38:01,380 INFO     ___FILE_ONLY___ │ 
2025-06-24 13:38:01,380 INFO     ___FILE_ONLY___ 2025.06.13
2025-06-24 13:38:01,380 INFO     ___FILE_ONLY___  
2025-06-24 13:38:01,380 INFO     ___FILE_ONLY___ │ 
2025-06-24 13:38:01,380 INFO     ___FILE_ONLY___ < 1 MiB
2025-06-24 13:38:01,381 INFO     ___FILE_ONLY___  
2025-06-24 13:38:01,381 INFO     ___FILE_ONLY___ │
2025-06-24 13:38:01,381 INFO     ___FILE_ONLY___ 

2025-06-24 13:38:01,381 INFO     ___FILE_ONLY___ │ 
2025-06-24 13:38:01,381 INFO     ___FILE_ONLY___ gcloud Preview Commands
2025-06-24 13:38:01,381 INFO     ___FILE_ONLY___  
2025-06-24 13:38:01,381 INFO     ___FILE_ONLY___ │ 
2025-06-24 13:38:01,381 INFO     ___FILE_ONLY___           
2025-06-24 13:38:01,381 INFO     ___FILE_ONLY___  
2025-06-24 13:38:01,381 INFO     ___FILE_ONLY___ │ 
2025-06-24 13:38:01,381 INFO     ___FILE_ONLY___ < 1 MiB
2025-06-24 13:38:01,381 INFO     ___FILE_ONLY___  
2025-06-24 13:38:01,381 INFO     ___FILE_ONLY___ │
2025-06-24 13:38:01,381 INFO     ___FILE_ONLY___ 

2025-06-24 13:38:01,381 INFO     ___FILE_ONLY___ └─────────────────────────┴────────────┴─────────┘
2025-06-24 13:38:01,382 INFO     ___FILE_ONLY___ 

2025-06-24 13:38:01,382 INFO     ___FILE_ONLY___ 

2025-06-24 13:38:01,385 DEBUG    urllib3.connectionpool Starting new HTTPS connection (1): dl.google.com:443
2025-06-24 13:38:01,402 DEBUG    urllib3.connectionpool https://dl.google.com:443 "GET /dl/cloudsdk/channels/rapid/RELEASE_NOTES HTTP/11" 200 1434924
2025-06-24 13:38:01,861 INFO     ___FILE_ONLY___ For the latest full release notes, please visit:
  https://cloud.google.com/sdk/release_notes


2025-06-24 13:38:01,861 INFO     ___FILE_ONLY___ Performing in place update...


2025-06-24 13:38:01,863 INFO     ___FILE_ONLY___ ╔════════════════════════════════════════════════════════════╗

2025-06-24 13:38:01,863 INFO     ___FILE_ONLY___ ╠═ Downloading: gcloud Alpha Commands                       ═╣

2025-06-24 13:38:01,863 INFO     ___FILE_ONLY___ ╚
2025-06-24 13:38:01,866 DEBUG    urllib3.connectionpool Starting new HTTPS connection (1): dl.google.com:443
2025-06-24 13:38:01,886 DEBUG    urllib3.connectionpool https://dl.google.com:443 "GET /dl/cloudsdk/channels/rapid/components/google-cloud-sdk-alpha-20250613150750.tar.gz HTTP/11" 200 800
2025-06-24 13:38:01,887 INFO     ___FILE_ONLY___ ════════════════════════════════════════════════════════════
2025-06-24 13:38:01,887 INFO     ___FILE_ONLY___ ╝

2025-06-24 13:38:01,889 INFO     ___FILE_ONLY___ ╔════════════════════════════════════════════════════════════╗

2025-06-24 13:38:01,889 INFO     ___FILE_ONLY___ ╠═ Downloading: gcloud Beta Commands                        ═╣

2025-06-24 13:38:01,889 INFO     ___FILE_ONLY___ ╚
2025-06-24 13:38:01,892 DEBUG    urllib3.connectionpool Starting new HTTPS connection (1): dl.google.com:443
2025-06-24 13:38:01,901 DEBUG    urllib3.connectionpool https://dl.google.com:443 "GET /dl/cloudsdk/channels/rapid/components/google-cloud-sdk-beta-20250613150750.tar.gz HTTP/11" 200 797
2025-06-24 13:38:01,902 INFO     ___FILE_ONLY___ ════════════════════════════════════════════════════════════
2025-06-24 13:38:01,902 INFO     ___FILE_ONLY___ ╝

2025-06-24 13:38:01,903 INFO     ___FILE_ONLY___ ╔════════════════════════════════════════════════════════════╗

2025-06-24 13:38:01,904 INFO     ___FILE_ONLY___ ╠═ Downloading: gcloud Preview Commands                     ═╣

2025-06-24 13:38:01,904 INFO     ___FILE_ONLY___ ╚
2025-06-24 13:38:01,906 DEBUG    urllib3.connectionpool Starting new HTTPS connection (1): dl.google.com:443
2025-06-24 13:38:01,935 DEBUG    urllib3.connectionpool https://dl.google.com:443 "GET /dl/cloudsdk/channels/rapid/components/google-cloud-sdk-preview-20241115154308.tar.gz HTTP/11" 200 823
2025-06-24 13:38:01,935 INFO     ___FILE_ONLY___ ════════════════════════════════════════════════════════════
2025-06-24 13:38:01,936 INFO     ___FILE_ONLY___ ╝

2025-06-24 13:38:01,937 INFO     ___FILE_ONLY___ ╔════════════════════════════════════════════════════════════╗

2025-06-24 13:38:01,938 INFO     ___FILE_ONLY___ ╠═ Installing: gcloud Alpha Commands                        ═╣

2025-06-24 13:38:01,938 INFO     ___FILE_ONLY___ ╚
2025-06-24 13:38:01,939 INFO     ___FILE_ONLY___ ════════════════════════════════════════════════════════════
2025-06-24 13:38:01,939 INFO     ___FILE_ONLY___ ╝

2025-06-24 13:38:01,944 INFO     ___FILE_ONLY___ ╔════════════════════════════════════════════════════════════╗

2025-06-24 13:38:01,944 INFO     ___FILE_ONLY___ ╠═ Installing: gcloud Beta Commands                         ═╣

2025-06-24 13:38:01,944 INFO     ___FILE_ONLY___ ╚
2025-06-24 13:38:01,945 INFO     ___FILE_ONLY___ ════════════════════════════════════════════════════════════
2025-06-24 13:38:01,945 INFO     ___FILE_ONLY___ ╝

2025-06-24 13:38:01,950 INFO     ___FILE_ONLY___ ╔════════════════════════════════════════════════════════════╗

2025-06-24 13:38:01,950 INFO     ___FILE_ONLY___ ╠═ Installing: gcloud Preview Commands                      ═╣

2025-06-24 13:38:01,950 INFO     ___FILE_ONLY___ ╚
2025-06-24 13:38:01,950 INFO     ___FILE_ONLY___ ════════════════════════════════════════════════════════════
2025-06-24 13:38:01,950 INFO     ___FILE_ONLY___ ╝

2025-06-24 13:38:01,955 DEBUG    root            Updating notification cache...
2025-06-24 13:38:01,956 INFO     ___FILE_ONLY___ 

2025-06-24 13:38:01,957 INFO     ___FILE_ONLY___ Performing post processing steps...
2025-06-24 13:38:01,958 DEBUG    root            Executing command: ['/tools/google-cloud-sdk/bin/gcloud', 'components', 'post-process']
2025-06-24 13:38:10,186 DEBUG    ___FILE_ONLY___ 
2025-06-24 13:38:10,186 DEBUG    ___FILE_ONLY___ 
2025-06-24 13:38:10,233 INFO     root            descriptor_list: [{'universeDomain': 'googleapis.com', 'universeShortName': '', 'authenticationDomain': 'auth.cloud.google.com', 'projectPrefix': '', 'cloudWebDomain': 'cloud.google.com', 'documentationDomain': 'cloud.google.com', 'version': '1.0.0', 'state': 'primary', 'artifactRegistryDomain': 'pkg.dev'}]
2025-06-24 13:38:10,233 INFO     ___FILE_ONLY___ 
Update done!


2025-06-24 13:38:10,235 DEBUG    root            Chosen display Format:none
2025-06-24 13:38:10,236 INFO     root            Display format: "none"
