2025-06-24 13:37:43,603 DEBUG    root            Loaded Command Group: ['gcloud', 'components']
2025-06-24 13:37:43,606 DEBUG    root            Loaded Command Group: ['gcloud', 'components', 'update']
2025-06-24 13:37:43,608 DEBUG    root            Running [gcloud.components.update] with arguments: [--compile-python: "True", --quiet: "True", COMPONENT-IDS:6: "['core', 'gcloud-deps', 'bq', 'gcloud', 'gcloud-crc32c', 'gsutil']"]
2025-06-24 13:37:43,609 INFO     ___FILE_ONLY___ Beginning update. This process may take several minutes.

2025-06-24 13:37:43,639 DEBUG    urllib3.connectionpool Starting new HTTPS connection (1): dl.google.com:443
2025-06-24 13:37:43,653 DEBUG    urllib3.connectionpool https://dl.google.com:443 "GET /dl/cloudsdk/channels/rapid/components-2.json HTTP/11" 200 233994
2025-06-24 13:37:43,664 INFO     ___FILE_ONLY___ 

2025-06-24 13:37:43,664 INFO     ___FILE_ONLY___ 
Your current Google Cloud CLI version is: 527.0.0

2025-06-24 13:37:43,664 INFO     ___FILE_ONLY___ Installing components from version: 527.0.0

2025-06-24 13:37:43,664 INFO     ___FILE_ONLY___ 

2025-06-24 13:37:43,665 DEBUG    root            Chosen display Format:table[box,title="These components will be removed."](details.display_name:label=Name:align=left,version.version_string:label=Version:align=right,data.size.size(zero="",min=1048576):label=Size:align=right)
2025-06-24 13:37:43,665 DEBUG    root            Chosen display Format:table[box,title="These components will be updated."](details.display_name:label=Name:align=left,version.version_string:label=Version:align=right,data.size.size(zero="",min=1048576):label=Size:align=right)
2025-06-24 13:37:43,666 DEBUG    root            Chosen display Format:table[box,title="These components will be installed."](details.display_name:label=Name:align=left,version.version_string:label=Version:align=right,data.size.size(zero="",min=1048576):label=Size:align=right)
2025-06-24 13:37:43,702 INFO     ___FILE_ONLY___ ┌─────────────────────────────────────────────────────────────────────────────┐
2025-06-24 13:37:43,702 INFO     ___FILE_ONLY___ 

2025-06-24 13:37:43,702 INFO     ___FILE_ONLY___ │                     These components will be installed.                     │
2025-06-24 13:37:43,702 INFO     ___FILE_ONLY___ 

2025-06-24 13:37:43,702 INFO     ___FILE_ONLY___ ├─────────────────────────────────────────────────────┬────────────┬──────────┤
2025-06-24 13:37:43,702 INFO     ___FILE_ONLY___ 

2025-06-24 13:37:43,702 INFO     ___FILE_ONLY___ │                         Name                        │  Version   │   Size   │
2025-06-24 13:37:43,702 INFO     ___FILE_ONLY___ 

2025-06-24 13:37:43,702 INFO     ___FILE_ONLY___ ├─────────────────────────────────────────────────────┼────────────┼──────────┤
2025-06-24 13:37:43,702 INFO     ___FILE_ONLY___ 

2025-06-24 13:37:43,702 INFO     ___FILE_ONLY___ │ 
2025-06-24 13:37:43,703 INFO     ___FILE_ONLY___ BigQuery Command Line Tool                         
2025-06-24 13:37:43,703 INFO     ___FILE_ONLY___  
2025-06-24 13:37:43,703 INFO     ___FILE_ONLY___ │ 
2025-06-24 13:37:43,703 INFO     ___FILE_ONLY___     2.1.18
2025-06-24 13:37:43,703 INFO     ___FILE_ONLY___  
2025-06-24 13:37:43,703 INFO     ___FILE_ONLY___ │ 
2025-06-24 13:37:43,703 INFO     ___FILE_ONLY___  1.8 MiB
2025-06-24 13:37:43,703 INFO     ___FILE_ONLY___  
2025-06-24 13:37:43,703 INFO     ___FILE_ONLY___ │
2025-06-24 13:37:43,703 INFO     ___FILE_ONLY___ 

2025-06-24 13:37:43,703 INFO     ___FILE_ONLY___ │ 
2025-06-24 13:37:43,703 INFO     ___FILE_ONLY___ BigQuery Command Line Tool (Platform Specific)     
2025-06-24 13:37:43,703 INFO     ___FILE_ONLY___  
2025-06-24 13:37:43,703 INFO     ___FILE_ONLY___ │ 
2025-06-24 13:37:43,703 INFO     ___FILE_ONLY___     2.1.17
2025-06-24 13:37:43,704 INFO     ___FILE_ONLY___  
2025-06-24 13:37:43,704 INFO     ___FILE_ONLY___ │ 
2025-06-24 13:37:43,704 INFO     ___FILE_ONLY___  < 1 MiB
2025-06-24 13:37:43,704 INFO     ___FILE_ONLY___  
2025-06-24 13:37:43,704 INFO     ___FILE_ONLY___ │
2025-06-24 13:37:43,704 INFO     ___FILE_ONLY___ 

2025-06-24 13:37:43,704 INFO     ___FILE_ONLY___ │ 
2025-06-24 13:37:43,704 INFO     ___FILE_ONLY___ Bundled Python 3.12 (Platform Specific)            
2025-06-24 13:37:43,704 INFO     ___FILE_ONLY___  
2025-06-24 13:37:43,704 INFO     ___FILE_ONLY___ │ 
2025-06-24 13:37:43,704 INFO     ___FILE_ONLY___     3.12.9
2025-06-24 13:37:43,704 INFO     ___FILE_ONLY___  
2025-06-24 13:37:43,704 INFO     ___FILE_ONLY___ │ 
2025-06-24 13:37:43,704 INFO     ___FILE_ONLY___ 89.3 MiB
2025-06-24 13:37:43,704 INFO     ___FILE_ONLY___  
2025-06-24 13:37:43,705 INFO     ___FILE_ONLY___ │
2025-06-24 13:37:43,705 INFO     ___FILE_ONLY___ 

2025-06-24 13:37:43,705 INFO     ___FILE_ONLY___ │ 
2025-06-24 13:37:43,705 INFO     ___FILE_ONLY___ Cloud Storage Command Line Tool                    
2025-06-24 13:37:43,705 INFO     ___FILE_ONLY___  
2025-06-24 13:37:43,705 INFO     ___FILE_ONLY___ │ 
2025-06-24 13:37:43,705 INFO     ___FILE_ONLY___       5.34
2025-06-24 13:37:43,705 INFO     ___FILE_ONLY___  
2025-06-24 13:37:43,705 INFO     ___FILE_ONLY___ │ 
2025-06-24 13:37:43,705 INFO     ___FILE_ONLY___ 11.8 MiB
2025-06-24 13:37:43,705 INFO     ___FILE_ONLY___  
2025-06-24 13:37:43,705 INFO     ___FILE_ONLY___ │
2025-06-24 13:37:43,705 INFO     ___FILE_ONLY___ 

2025-06-24 13:37:43,705 INFO     ___FILE_ONLY___ │ 
2025-06-24 13:37:43,705 INFO     ___FILE_ONLY___ Cloud Storage Command Line Tool (Platform Specific)
2025-06-24 13:37:43,706 INFO     ___FILE_ONLY___  
2025-06-24 13:37:43,706 INFO     ___FILE_ONLY___ │ 
2025-06-24 13:37:43,706 INFO     ___FILE_ONLY___       5.34
2025-06-24 13:37:43,706 INFO     ___FILE_ONLY___  
2025-06-24 13:37:43,706 INFO     ___FILE_ONLY___ │ 
2025-06-24 13:37:43,706 INFO     ___FILE_ONLY___  < 1 MiB
2025-06-24 13:37:43,706 INFO     ___FILE_ONLY___  
2025-06-24 13:37:43,706 INFO     ___FILE_ONLY___ │
2025-06-24 13:37:43,706 INFO     ___FILE_ONLY___ 

2025-06-24 13:37:43,706 INFO     ___FILE_ONLY___ │ 
2025-06-24 13:37:43,706 INFO     ___FILE_ONLY___ Google Cloud CLI Core Libraries (Platform Specific)
2025-06-24 13:37:43,706 INFO     ___FILE_ONLY___  
2025-06-24 13:37:43,706 INFO     ___FILE_ONLY___ │ 
2025-06-24 13:37:43,706 INFO     ___FILE_ONLY___ 2025.05.23
2025-06-24 13:37:43,707 INFO     ___FILE_ONLY___  
2025-06-24 13:37:43,707 INFO     ___FILE_ONLY___ │ 
2025-06-24 13:37:43,707 INFO     ___FILE_ONLY___  < 1 MiB
2025-06-24 13:37:43,707 INFO     ___FILE_ONLY___  
2025-06-24 13:37:43,707 INFO     ___FILE_ONLY___ │
2025-06-24 13:37:43,707 INFO     ___FILE_ONLY___ 

2025-06-24 13:37:43,707 INFO     ___FILE_ONLY___ │ 
2025-06-24 13:37:43,707 INFO     ___FILE_ONLY___ Google Cloud CRC32C Hash Tool (Platform Specific)  
2025-06-24 13:37:43,707 INFO     ___FILE_ONLY___  
2025-06-24 13:37:43,707 INFO     ___FILE_ONLY___ │ 
2025-06-24 13:37:43,707 INFO     ___FILE_ONLY___      1.0.0
2025-06-24 13:37:43,707 INFO     ___FILE_ONLY___  
2025-06-24 13:37:43,707 INFO     ___FILE_ONLY___ │ 
2025-06-24 13:37:43,707 INFO     ___FILE_ONLY___  1.5 MiB
2025-06-24 13:37:43,707 INFO     ___FILE_ONLY___  
2025-06-24 13:37:43,708 INFO     ___FILE_ONLY___ │
2025-06-24 13:37:43,708 INFO     ___FILE_ONLY___ 

2025-06-24 13:37:43,708 INFO     ___FILE_ONLY___ │ 
2025-06-24 13:37:43,708 INFO     ___FILE_ONLY___ gcloud cli dependencies (Platform Specific)        
2025-06-24 13:37:43,708 INFO     ___FILE_ONLY___  
2025-06-24 13:37:43,708 INFO     ___FILE_ONLY___ │ 
2025-06-24 13:37:43,708 INFO     ___FILE_ONLY___ 2021.04.16
2025-06-24 13:37:43,708 INFO     ___FILE_ONLY___  
2025-06-24 13:37:43,708 INFO     ___FILE_ONLY___ │ 
2025-06-24 13:37:43,708 INFO     ___FILE_ONLY___  < 1 MiB
2025-06-24 13:37:43,708 INFO     ___FILE_ONLY___  
2025-06-24 13:37:43,708 INFO     ___FILE_ONLY___ │
2025-06-24 13:37:43,708 INFO     ___FILE_ONLY___ 

2025-06-24 13:37:43,708 INFO     ___FILE_ONLY___ └─────────────────────────────────────────────────────┴────────────┴──────────┘
2025-06-24 13:37:43,709 INFO     ___FILE_ONLY___ 

2025-06-24 13:37:43,709 INFO     ___FILE_ONLY___ 

2025-06-24 13:37:43,712 DEBUG    urllib3.connectionpool Starting new HTTPS connection (1): dl.google.com:443
2025-06-24 13:37:43,730 DEBUG    urllib3.connectionpool https://dl.google.com:443 "GET /dl/cloudsdk/channels/rapid/RELEASE_NOTES HTTP/11" 200 1434924
2025-06-24 13:37:44,194 INFO     ___FILE_ONLY___ For the latest full release notes, please visit:
  https://cloud.google.com/sdk/release_notes


2025-06-24 13:37:44,194 INFO     ___FILE_ONLY___ Performing in place update...


2025-06-24 13:37:44,196 INFO     ___FILE_ONLY___ ╔════════════════════════════════════════════════════════════╗

2025-06-24 13:37:44,196 INFO     ___FILE_ONLY___ ╠═ Downloading: BigQuery Command Line Tool                  ═╣

2025-06-24 13:37:44,196 INFO     ___FILE_ONLY___ ╚
2025-06-24 13:37:44,200 DEBUG    urllib3.connectionpool Starting new HTTPS connection (1): dl.google.com:443
2025-06-24 13:37:44,214 DEBUG    urllib3.connectionpool https://dl.google.com:443 "GET /dl/cloudsdk/channels/rapid/components/google-cloud-sdk-bq-20250606142749.tar.gz HTTP/11" 200 1848839
2025-06-24 13:37:44,226 INFO     ___FILE_ONLY___ ═
2025-06-24 13:37:44,226 INFO     ___FILE_ONLY___ ═
2025-06-24 13:37:44,226 INFO     ___FILE_ONLY___ ═
2025-06-24 13:37:44,226 INFO     ___FILE_ONLY___ ═
2025-06-24 13:37:44,226 INFO     ___FILE_ONLY___ ═
2025-06-24 13:37:44,226 INFO     ___FILE_ONLY___ ═
2025-06-24 13:37:44,227 INFO     ___FILE_ONLY___ ═
2025-06-24 13:37:44,227 INFO     ___FILE_ONLY___ ═
2025-06-24 13:37:44,227 INFO     ___FILE_ONLY___ ═
2025-06-24 13:37:44,227 INFO     ___FILE_ONLY___ ═
2025-06-24 13:37:44,227 INFO     ___FILE_ONLY___ ═
2025-06-24 13:37:44,227 INFO     ___FILE_ONLY___ ═
2025-06-24 13:37:44,227 INFO     ___FILE_ONLY___ ═
2025-06-24 13:37:44,227 INFO     ___FILE_ONLY___ ═
2025-06-24 13:37:44,228 INFO     ___FILE_ONLY___ ═
2025-06-24 13:37:44,228 INFO     ___FILE_ONLY___ ═
2025-06-24 13:37:44,228 INFO     ___FILE_ONLY___ ═
2025-06-24 13:37:44,228 INFO     ___FILE_ONLY___ ═
2025-06-24 13:37:44,228 INFO     ___FILE_ONLY___ ═
2025-06-24 13:37:44,228 INFO     ___FILE_ONLY___ ═
2025-06-24 13:37:44,228 INFO     ___FILE_ONLY___ ═
2025-06-24 13:37:44,228 INFO     ___FILE_ONLY___ ═
2025-06-24 13:37:44,229 INFO     ___FILE_ONLY___ ═
2025-06-24 13:37:44,229 INFO     ___FILE_ONLY___ ═
2025-06-24 13:37:44,229 INFO     ___FILE_ONLY___ ═
2025-06-24 13:37:44,229 INFO     ___FILE_ONLY___ ═
2025-06-24 13:37:44,229 INFO     ___FILE_ONLY___ ═
2025-06-24 13:37:44,229 INFO     ___FILE_ONLY___ ═
2025-06-24 13:37:44,229 INFO     ___FILE_ONLY___ ═
2025-06-24 13:37:44,229 INFO     ___FILE_ONLY___ ═
2025-06-24 13:37:44,229 INFO     ___FILE_ONLY___ ═
2025-06-24 13:37:44,230 INFO     ___FILE_ONLY___ ═
2025-06-24 13:37:44,230 INFO     ___FILE_ONLY___ ═
2025-06-24 13:37:44,230 INFO     ___FILE_ONLY___ ═
2025-06-24 13:37:44,230 INFO     ___FILE_ONLY___ ═
2025-06-24 13:37:44,230 INFO     ___FILE_ONLY___ ═
2025-06-24 13:37:44,230 INFO     ___FILE_ONLY___ ═
2025-06-24 13:37:44,230 INFO     ___FILE_ONLY___ ═
2025-06-24 13:37:44,230 INFO     ___FILE_ONLY___ ═
2025-06-24 13:37:44,230 INFO     ___FILE_ONLY___ ═
2025-06-24 13:37:44,230 INFO     ___FILE_ONLY___ ═
2025-06-24 13:37:44,230 INFO     ___FILE_ONLY___ ═
2025-06-24 13:37:44,230 INFO     ___FILE_ONLY___ ═
2025-06-24 13:37:44,231 INFO     ___FILE_ONLY___ ═
2025-06-24 13:37:44,231 INFO     ___FILE_ONLY___ ═
2025-06-24 13:37:44,231 INFO     ___FILE_ONLY___ ═
2025-06-24 13:37:44,231 INFO     ___FILE_ONLY___ ═
2025-06-24 13:37:44,231 INFO     ___FILE_ONLY___ ═
2025-06-24 13:37:44,231 INFO     ___FILE_ONLY___ ═
2025-06-24 13:37:44,231 INFO     ___FILE_ONLY___ ═
2025-06-24 13:37:44,231 INFO     ___FILE_ONLY___ ═
2025-06-24 13:37:44,231 INFO     ___FILE_ONLY___ ═
2025-06-24 13:37:44,231 INFO     ___FILE_ONLY___ ═
2025-06-24 13:37:44,231 INFO     ___FILE_ONLY___ ═
2025-06-24 13:37:44,232 INFO     ___FILE_ONLY___ ═
2025-06-24 13:37:44,232 INFO     ___FILE_ONLY___ ═
2025-06-24 13:37:44,232 INFO     ___FILE_ONLY___ ═
2025-06-24 13:37:44,232 INFO     ___FILE_ONLY___ ═
2025-06-24 13:37:44,232 INFO     ___FILE_ONLY___ ═
2025-06-24 13:37:44,232 INFO     ___FILE_ONLY___ ═
2025-06-24 13:37:44,232 INFO     ___FILE_ONLY___ ╝

2025-06-24 13:37:44,234 INFO     ___FILE_ONLY___ ╔════════════════════════════════════════════════════════════╗

2025-06-24 13:37:44,234 INFO     ___FILE_ONLY___ ╠═ Downloading: BigQuery Command Line Tool (Platform Spe... ═╣

2025-06-24 13:37:44,234 INFO     ___FILE_ONLY___ ╚
2025-06-24 13:37:44,238 DEBUG    urllib3.connectionpool Starting new HTTPS connection (1): dl.google.com:443
2025-06-24 13:37:44,287 DEBUG    urllib3.connectionpool https://dl.google.com:443 "GET /dl/cloudsdk/channels/rapid/components/google-cloud-sdk-bq-nix-20250523104322.tar.gz HTTP/11" 200 1935
2025-06-24 13:37:44,288 INFO     ___FILE_ONLY___ ════════════════════════════════════════════════════════════
2025-06-24 13:37:44,288 INFO     ___FILE_ONLY___ ╝

2025-06-24 13:37:44,290 INFO     ___FILE_ONLY___ ╔════════════════════════════════════════════════════════════╗

2025-06-24 13:37:44,290 INFO     ___FILE_ONLY___ ╠═ Downloading: Bundled Python 3.12                         ═╣

2025-06-24 13:37:44,290 INFO     ___FILE_ONLY___ ╚
2025-06-24 13:37:44,290 INFO     ___FILE_ONLY___ ════════════════════════════════════════════════════════════
2025-06-24 13:37:44,290 INFO     ___FILE_ONLY___ ╝

2025-06-24 13:37:44,292 INFO     ___FILE_ONLY___ ╔════════════════════════════════════════════════════════════╗

2025-06-24 13:37:44,292 INFO     ___FILE_ONLY___ ╠═ Downloading: Bundled Python 3.12 (Platform Specific)     ═╣

2025-06-24 13:37:44,292 INFO     ___FILE_ONLY___ ╚
2025-06-24 13:37:44,295 DEBUG    urllib3.connectionpool Starting new HTTPS connection (1): dl.google.com:443
2025-06-24 13:37:44,325 DEBUG    urllib3.connectionpool https://dl.google.com:443 "GET /dl/cloudsdk/channels/rapid/components/google-cloud-sdk-bundled-python3-unix-linux-x86_64-20250502143716.tar.gz HTTP/11" 200 93610468
2025-06-24 13:37:44,832 INFO     ___FILE_ONLY___ ═
2025-06-24 13:37:44,834 INFO     ___FILE_ONLY___ ═
2025-06-24 13:37:44,835 INFO     ___FILE_ONLY___ ═
2025-06-24 13:37:44,837 INFO     ___FILE_ONLY___ ═
2025-06-24 13:37:44,838 INFO     ___FILE_ONLY___ ═
2025-06-24 13:37:44,840 INFO     ___FILE_ONLY___ ═
2025-06-24 13:37:44,842 INFO     ___FILE_ONLY___ ═
2025-06-24 13:37:44,843 INFO     ___FILE_ONLY___ ═
2025-06-24 13:37:44,845 INFO     ___FILE_ONLY___ ═
2025-06-24 13:37:44,847 INFO     ___FILE_ONLY___ ═
2025-06-24 13:37:44,848 INFO     ___FILE_ONLY___ ═
2025-06-24 13:37:44,850 INFO     ___FILE_ONLY___ ═
2025-06-24 13:37:44,852 INFO     ___FILE_ONLY___ ═
2025-06-24 13:37:44,853 INFO     ___FILE_ONLY___ ═
2025-06-24 13:37:44,855 INFO     ___FILE_ONLY___ ═
2025-06-24 13:37:44,856 INFO     ___FILE_ONLY___ ═
2025-06-24 13:37:44,858 INFO     ___FILE_ONLY___ ═
2025-06-24 13:37:44,860 INFO     ___FILE_ONLY___ ═
2025-06-24 13:37:44,861 INFO     ___FILE_ONLY___ ═
2025-06-24 13:37:44,863 INFO     ___FILE_ONLY___ ═
2025-06-24 13:37:44,865 INFO     ___FILE_ONLY___ ═
2025-06-24 13:37:44,866 INFO     ___FILE_ONLY___ ═
2025-06-24 13:37:44,868 INFO     ___FILE_ONLY___ ═
2025-06-24 13:37:44,870 INFO     ___FILE_ONLY___ ═
2025-06-24 13:37:44,871 INFO     ___FILE_ONLY___ ═
2025-06-24 13:37:44,873 INFO     ___FILE_ONLY___ ═
2025-06-24 13:37:44,875 INFO     ___FILE_ONLY___ ═
2025-06-24 13:37:44,876 INFO     ___FILE_ONLY___ ═
2025-06-24 13:37:44,878 INFO     ___FILE_ONLY___ ═
2025-06-24 13:37:44,880 INFO     ___FILE_ONLY___ ═
2025-06-24 13:37:44,881 INFO     ___FILE_ONLY___ ═
2025-06-24 13:37:44,883 INFO     ___FILE_ONLY___ ═
2025-06-24 13:37:44,885 INFO     ___FILE_ONLY___ ═
2025-06-24 13:37:44,886 INFO     ___FILE_ONLY___ ═
2025-06-24 13:37:44,888 INFO     ___FILE_ONLY___ ═
2025-06-24 13:37:44,890 INFO     ___FILE_ONLY___ ═
2025-06-24 13:37:44,891 INFO     ___FILE_ONLY___ ═
2025-06-24 13:37:44,893 INFO     ___FILE_ONLY___ ═
2025-06-24 13:37:44,895 INFO     ___FILE_ONLY___ ═
2025-06-24 13:37:44,896 INFO     ___FILE_ONLY___ ═
2025-06-24 13:37:44,898 INFO     ___FILE_ONLY___ ═
2025-06-24 13:37:44,900 INFO     ___FILE_ONLY___ ═
2025-06-24 13:37:44,901 INFO     ___FILE_ONLY___ ═
2025-06-24 13:37:44,903 INFO     ___FILE_ONLY___ ═
2025-06-24 13:37:44,905 INFO     ___FILE_ONLY___ ═
2025-06-24 13:37:44,907 INFO     ___FILE_ONLY___ ═
2025-06-24 13:37:44,908 INFO     ___FILE_ONLY___ ═
2025-06-24 13:37:44,910 INFO     ___FILE_ONLY___ ═
2025-06-24 13:37:44,912 INFO     ___FILE_ONLY___ ═
2025-06-24 13:37:44,913 INFO     ___FILE_ONLY___ ═
2025-06-24 13:37:44,915 INFO     ___FILE_ONLY___ ═
2025-06-24 13:37:44,917 INFO     ___FILE_ONLY___ ═
2025-06-24 13:37:44,918 INFO     ___FILE_ONLY___ ═
2025-06-24 13:37:44,920 INFO     ___FILE_ONLY___ ═
2025-06-24 13:37:44,922 INFO     ___FILE_ONLY___ ═
2025-06-24 13:37:44,923 INFO     ___FILE_ONLY___ ═
2025-06-24 13:37:44,925 INFO     ___FILE_ONLY___ ═
2025-06-24 13:37:44,927 INFO     ___FILE_ONLY___ ═
2025-06-24 13:37:44,928 INFO     ___FILE_ONLY___ ═
2025-06-24 13:37:44,930 INFO     ___FILE_ONLY___ ═
2025-06-24 13:37:44,930 INFO     ___FILE_ONLY___ ╝

2025-06-24 13:37:44,936 INFO     ___FILE_ONLY___ ╔════════════════════════════════════════════════════════════╗

2025-06-24 13:37:44,936 INFO     ___FILE_ONLY___ ╠═ Downloading: Cloud Storage Command Line Tool             ═╣

2025-06-24 13:37:44,936 INFO     ___FILE_ONLY___ ╚
2025-06-24 13:37:44,939 DEBUG    urllib3.connectionpool Starting new HTTPS connection (1): dl.google.com:443
2025-06-24 13:37:44,966 DEBUG    urllib3.connectionpool https://dl.google.com:443 "GET /dl/cloudsdk/channels/rapid/components/google-cloud-sdk-gsutil-20250418150427.tar.gz HTTP/11" 200 12382702
2025-06-24 13:37:45,015 INFO     ___FILE_ONLY___ ═
2025-06-24 13:37:45,015 INFO     ___FILE_ONLY___ ═
2025-06-24 13:37:45,015 INFO     ___FILE_ONLY___ ═
2025-06-24 13:37:45,016 INFO     ___FILE_ONLY___ ═
2025-06-24 13:37:45,016 INFO     ___FILE_ONLY___ ═
2025-06-24 13:37:45,016 INFO     ___FILE_ONLY___ ═
2025-06-24 13:37:45,016 INFO     ___FILE_ONLY___ ═
2025-06-24 13:37:45,017 INFO     ___FILE_ONLY___ ═
2025-06-24 13:37:45,017 INFO     ___FILE_ONLY___ ═
2025-06-24 13:37:45,017 INFO     ___FILE_ONLY___ ═
2025-06-24 13:37:45,017 INFO     ___FILE_ONLY___ ═
2025-06-24 13:37:45,018 INFO     ___FILE_ONLY___ ═
2025-06-24 13:37:45,018 INFO     ___FILE_ONLY___ ═
2025-06-24 13:37:45,018 INFO     ___FILE_ONLY___ ═
2025-06-24 13:37:45,018 INFO     ___FILE_ONLY___ ═
2025-06-24 13:37:45,019 INFO     ___FILE_ONLY___ ═
2025-06-24 13:37:45,019 INFO     ___FILE_ONLY___ ═
2025-06-24 13:37:45,019 INFO     ___FILE_ONLY___ ═
2025-06-24 13:37:45,019 INFO     ___FILE_ONLY___ ═
2025-06-24 13:37:45,020 INFO     ___FILE_ONLY___ ═
2025-06-24 13:37:45,020 INFO     ___FILE_ONLY___ ═
2025-06-24 13:37:45,020 INFO     ___FILE_ONLY___ ═
2025-06-24 13:37:45,020 INFO     ___FILE_ONLY___ ═
2025-06-24 13:37:45,021 INFO     ___FILE_ONLY___ ═
2025-06-24 13:37:45,021 INFO     ___FILE_ONLY___ ═
2025-06-24 13:37:45,021 INFO     ___FILE_ONLY___ ═
2025-06-24 13:37:45,021 INFO     ___FILE_ONLY___ ═
2025-06-24 13:37:45,022 INFO     ___FILE_ONLY___ ═
2025-06-24 13:37:45,022 INFO     ___FILE_ONLY___ ═
2025-06-24 13:37:45,022 INFO     ___FILE_ONLY___ ═
2025-06-24 13:37:45,022 INFO     ___FILE_ONLY___ ═
2025-06-24 13:37:45,023 INFO     ___FILE_ONLY___ ═
2025-06-24 13:37:45,023 INFO     ___FILE_ONLY___ ═
2025-06-24 13:37:45,023 INFO     ___FILE_ONLY___ ═
2025-06-24 13:37:45,023 INFO     ___FILE_ONLY___ ═
2025-06-24 13:37:45,024 INFO     ___FILE_ONLY___ ═
2025-06-24 13:37:45,024 INFO     ___FILE_ONLY___ ═
2025-06-24 13:37:45,024 INFO     ___FILE_ONLY___ ═
2025-06-24 13:37:45,025 INFO     ___FILE_ONLY___ ═
2025-06-24 13:37:45,025 INFO     ___FILE_ONLY___ ═
2025-06-24 13:37:45,025 INFO     ___FILE_ONLY___ ═
2025-06-24 13:37:45,025 INFO     ___FILE_ONLY___ ═
2025-06-24 13:37:45,026 INFO     ___FILE_ONLY___ ═
2025-06-24 13:37:45,026 INFO     ___FILE_ONLY___ ═
2025-06-24 13:37:45,026 INFO     ___FILE_ONLY___ ═
2025-06-24 13:37:45,026 INFO     ___FILE_ONLY___ ═
2025-06-24 13:37:45,027 INFO     ___FILE_ONLY___ ═
2025-06-24 13:37:45,027 INFO     ___FILE_ONLY___ ═
2025-06-24 13:37:45,027 INFO     ___FILE_ONLY___ ═
2025-06-24 13:37:45,027 INFO     ___FILE_ONLY___ ═
2025-06-24 13:37:45,028 INFO     ___FILE_ONLY___ ═
2025-06-24 13:37:45,028 INFO     ___FILE_ONLY___ ═
2025-06-24 13:37:45,028 INFO     ___FILE_ONLY___ ═
2025-06-24 13:37:45,028 INFO     ___FILE_ONLY___ ═
2025-06-24 13:37:45,029 INFO     ___FILE_ONLY___ ═
2025-06-24 13:37:45,029 INFO     ___FILE_ONLY___ ═
2025-06-24 13:37:45,029 INFO     ___FILE_ONLY___ ═
2025-06-24 13:37:45,030 INFO     ___FILE_ONLY___ ═
2025-06-24 13:37:45,030 INFO     ___FILE_ONLY___ ═
2025-06-24 13:37:45,030 INFO     ___FILE_ONLY___ ═
2025-06-24 13:37:45,030 INFO     ___FILE_ONLY___ ╝

2025-06-24 13:37:45,032 INFO     ___FILE_ONLY___ ╔════════════════════════════════════════════════════════════╗

2025-06-24 13:37:45,032 INFO     ___FILE_ONLY___ ╠═ Downloading: Cloud Storage Command Line Tool (Platfor... ═╣

2025-06-24 13:37:45,032 INFO     ___FILE_ONLY___ ╚
2025-06-24 13:37:45,035 DEBUG    urllib3.connectionpool Starting new HTTPS connection (1): dl.google.com:443
2025-06-24 13:37:45,046 DEBUG    urllib3.connectionpool https://dl.google.com:443 "GET /dl/cloudsdk/channels/rapid/components/google-cloud-sdk-gsutil-nix-20250523104322.tar.gz HTTP/11" 200 1950
2025-06-24 13:37:45,046 INFO     ___FILE_ONLY___ ════════════════════════════════════════════════════════════
2025-06-24 13:37:45,046 INFO     ___FILE_ONLY___ ╝

2025-06-24 13:37:45,048 INFO     ___FILE_ONLY___ ╔════════════════════════════════════════════════════════════╗

2025-06-24 13:37:45,048 INFO     ___FILE_ONLY___ ╠═ Downloading: Default set of gcloud commands              ═╣

2025-06-24 13:37:45,048 INFO     ___FILE_ONLY___ ╚
2025-06-24 13:37:45,048 INFO     ___FILE_ONLY___ ════════════════════════════════════════════════════════════
2025-06-24 13:37:45,049 INFO     ___FILE_ONLY___ ╝

2025-06-24 13:37:45,050 INFO     ___FILE_ONLY___ ╔════════════════════════════════════════════════════════════╗

2025-06-24 13:37:45,050 INFO     ___FILE_ONLY___ ╠═ Downloading: Google Cloud CLI Core Libraries (Platfor... ═╣

2025-06-24 13:37:45,050 INFO     ___FILE_ONLY___ ╚
2025-06-24 13:37:45,053 DEBUG    urllib3.connectionpool Starting new HTTPS connection (1): dl.google.com:443
2025-06-24 13:37:45,066 DEBUG    urllib3.connectionpool https://dl.google.com:443 "GET /dl/cloudsdk/channels/rapid/components/google-cloud-sdk-core-nix-20250523104322.tar.gz HTTP/11" 200 2325
2025-06-24 13:37:45,067 INFO     ___FILE_ONLY___ ════════════════════════════════════════════════════════════
2025-06-24 13:37:45,067 INFO     ___FILE_ONLY___ ╝

2025-06-24 13:37:45,068 INFO     ___FILE_ONLY___ ╔════════════════════════════════════════════════════════════╗

2025-06-24 13:37:45,069 INFO     ___FILE_ONLY___ ╠═ Downloading: Google Cloud CRC32C Hash Tool               ═╣

2025-06-24 13:37:45,069 INFO     ___FILE_ONLY___ ╚
2025-06-24 13:37:45,069 INFO     ___FILE_ONLY___ ════════════════════════════════════════════════════════════
2025-06-24 13:37:45,069 INFO     ___FILE_ONLY___ ╝

2025-06-24 13:37:45,070 INFO     ___FILE_ONLY___ ╔════════════════════════════════════════════════════════════╗

2025-06-24 13:37:45,070 INFO     ___FILE_ONLY___ ╠═ Downloading: Google Cloud CRC32C Hash Tool (Platform ... ═╣

2025-06-24 13:37:45,071 INFO     ___FILE_ONLY___ ╚
2025-06-24 13:37:45,073 DEBUG    urllib3.connectionpool Starting new HTTPS connection (1): dl.google.com:443
2025-06-24 13:37:45,089 DEBUG    urllib3.connectionpool https://dl.google.com:443 "GET /dl/cloudsdk/channels/rapid/components/google-cloud-sdk-gcloud-crc32c-linux-x86_64-20250613150750.tar.gz HTTP/11" 200 1525557
2025-06-24 13:37:45,100 INFO     ___FILE_ONLY___ ═
2025-06-24 13:37:45,100 INFO     ___FILE_ONLY___ ═
2025-06-24 13:37:45,101 INFO     ___FILE_ONLY___ ═
2025-06-24 13:37:45,101 INFO     ___FILE_ONLY___ ═
2025-06-24 13:37:45,101 INFO     ___FILE_ONLY___ ═
2025-06-24 13:37:45,101 INFO     ___FILE_ONLY___ ═
2025-06-24 13:37:45,101 INFO     ___FILE_ONLY___ ═
2025-06-24 13:37:45,101 INFO     ___FILE_ONLY___ ═
2025-06-24 13:37:45,101 INFO     ___FILE_ONLY___ ═
2025-06-24 13:37:45,101 INFO     ___FILE_ONLY___ ═
2025-06-24 13:37:45,101 INFO     ___FILE_ONLY___ ═
2025-06-24 13:37:45,101 INFO     ___FILE_ONLY___ ═
2025-06-24 13:37:45,101 INFO     ___FILE_ONLY___ ═
2025-06-24 13:37:45,101 INFO     ___FILE_ONLY___ ═
2025-06-24 13:37:45,102 INFO     ___FILE_ONLY___ ═
2025-06-24 13:37:45,102 INFO     ___FILE_ONLY___ ═
2025-06-24 13:37:45,102 INFO     ___FILE_ONLY___ ═
2025-06-24 13:37:45,102 INFO     ___FILE_ONLY___ ═
2025-06-24 13:37:45,102 INFO     ___FILE_ONLY___ ═
2025-06-24 13:37:45,102 INFO     ___FILE_ONLY___ ═
2025-06-24 13:37:45,102 INFO     ___FILE_ONLY___ ═
2025-06-24 13:37:45,102 INFO     ___FILE_ONLY___ ═
2025-06-24 13:37:45,102 INFO     ___FILE_ONLY___ ═
2025-06-24 13:37:45,102 INFO     ___FILE_ONLY___ ═
2025-06-24 13:37:45,102 INFO     ___FILE_ONLY___ ═
2025-06-24 13:37:45,102 INFO     ___FILE_ONLY___ ═
2025-06-24 13:37:45,102 INFO     ___FILE_ONLY___ ═
2025-06-24 13:37:45,103 INFO     ___FILE_ONLY___ ═
2025-06-24 13:37:45,103 INFO     ___FILE_ONLY___ ═
2025-06-24 13:37:45,103 INFO     ___FILE_ONLY___ ═
2025-06-24 13:37:45,103 INFO     ___FILE_ONLY___ ═
2025-06-24 13:37:45,103 INFO     ___FILE_ONLY___ ═
2025-06-24 13:37:45,103 INFO     ___FILE_ONLY___ ═
2025-06-24 13:37:45,103 INFO     ___FILE_ONLY___ ═
2025-06-24 13:37:45,103 INFO     ___FILE_ONLY___ ═
2025-06-24 13:37:45,103 INFO     ___FILE_ONLY___ ═
2025-06-24 13:37:45,103 INFO     ___FILE_ONLY___ ═
2025-06-24 13:37:45,103 INFO     ___FILE_ONLY___ ═
2025-06-24 13:37:45,103 INFO     ___FILE_ONLY___ ═
2025-06-24 13:37:45,103 INFO     ___FILE_ONLY___ ═
2025-06-24 13:37:45,104 INFO     ___FILE_ONLY___ ═
2025-06-24 13:37:45,104 INFO     ___FILE_ONLY___ ═
2025-06-24 13:37:45,104 INFO     ___FILE_ONLY___ ═
2025-06-24 13:37:45,104 INFO     ___FILE_ONLY___ ═
2025-06-24 13:37:45,104 INFO     ___FILE_ONLY___ ═
2025-06-24 13:37:45,104 INFO     ___FILE_ONLY___ ═
2025-06-24 13:37:45,104 INFO     ___FILE_ONLY___ ═
2025-06-24 13:37:45,104 INFO     ___FILE_ONLY___ ═
2025-06-24 13:37:45,104 INFO     ___FILE_ONLY___ ═
2025-06-24 13:37:45,104 INFO     ___FILE_ONLY___ ═
2025-06-24 13:37:45,104 INFO     ___FILE_ONLY___ ═
2025-06-24 13:37:45,104 INFO     ___FILE_ONLY___ ═
2025-06-24 13:37:45,104 INFO     ___FILE_ONLY___ ═
2025-06-24 13:37:45,104 INFO     ___FILE_ONLY___ ═
2025-06-24 13:37:45,105 INFO     ___FILE_ONLY___ ═
2025-06-24 13:37:45,105 INFO     ___FILE_ONLY___ ═
2025-06-24 13:37:45,105 INFO     ___FILE_ONLY___ ═
2025-06-24 13:37:45,105 INFO     ___FILE_ONLY___ ═
2025-06-24 13:37:45,105 INFO     ___FILE_ONLY___ ═
2025-06-24 13:37:45,105 INFO     ___FILE_ONLY___ ═
2025-06-24 13:37:45,105 INFO     ___FILE_ONLY___ ╝

2025-06-24 13:37:45,107 INFO     ___FILE_ONLY___ ╔════════════════════════════════════════════════════════════╗

2025-06-24 13:37:45,107 INFO     ___FILE_ONLY___ ╠═ Downloading: gcloud cli dependencies (Platform Specific) ═╣

2025-06-24 13:37:45,107 INFO     ___FILE_ONLY___ ╚
2025-06-24 13:37:45,110 DEBUG    urllib3.connectionpool Starting new HTTPS connection (1): dl.google.com:443
2025-06-24 13:37:45,154 DEBUG    urllib3.connectionpool https://dl.google.com:443 "GET /dl/cloudsdk/channels/rapid/components/google-cloud-sdk-gcloud-deps-linux-x86_64-20210416153011.tar.gz HTTP/11" 200 104
2025-06-24 13:37:45,154 INFO     ___FILE_ONLY___ ════════════════════════════════════════════════════════════
2025-06-24 13:37:45,154 INFO     ___FILE_ONLY___ ╝

2025-06-24 13:37:45,156 INFO     ___FILE_ONLY___ ╔════════════════════════════════════════════════════════════╗

2025-06-24 13:37:45,156 INFO     ___FILE_ONLY___ ╠═ Installing: BigQuery Command Line Tool                   ═╣

2025-06-24 13:37:45,156 INFO     ___FILE_ONLY___ ╚
2025-06-24 13:37:45,250 INFO     ___FILE_ONLY___ ═
2025-06-24 13:37:45,253 INFO     ___FILE_ONLY___ ═
2025-06-24 13:37:45,255 INFO     ___FILE_ONLY___ ═
2025-06-24 13:37:45,257 INFO     ___FILE_ONLY___ ═
2025-06-24 13:37:45,260 INFO     ___FILE_ONLY___ ═
2025-06-24 13:37:45,262 INFO     ___FILE_ONLY___ ═
2025-06-24 13:37:45,264 INFO     ___FILE_ONLY___ ═
2025-06-24 13:37:45,266 INFO     ___FILE_ONLY___ ═
2025-06-24 13:37:45,268 INFO     ___FILE_ONLY___ ═
2025-06-24 13:37:45,270 INFO     ___FILE_ONLY___ ═
2025-06-24 13:37:45,272 INFO     ___FILE_ONLY___ ═
2025-06-24 13:37:45,274 INFO     ___FILE_ONLY___ ═
2025-06-24 13:37:45,276 INFO     ___FILE_ONLY___ ═
2025-06-24 13:37:45,278 INFO     ___FILE_ONLY___ ═
2025-06-24 13:37:45,280 INFO     ___FILE_ONLY___ ═
2025-06-24 13:37:45,282 INFO     ___FILE_ONLY___ ═
2025-06-24 13:37:45,284 INFO     ___FILE_ONLY___ ═
2025-06-24 13:37:45,286 INFO     ___FILE_ONLY___ ═
2025-06-24 13:37:45,288 INFO     ___FILE_ONLY___ ═
2025-06-24 13:37:45,291 INFO     ___FILE_ONLY___ ═
2025-06-24 13:37:45,294 INFO     ___FILE_ONLY___ ═
2025-06-24 13:37:45,296 INFO     ___FILE_ONLY___ ═
2025-06-24 13:37:45,298 INFO     ___FILE_ONLY___ ═
2025-06-24 13:37:45,300 INFO     ___FILE_ONLY___ ═
2025-06-24 13:37:45,301 INFO     ___FILE_ONLY___ ═
2025-06-24 13:37:45,303 INFO     ___FILE_ONLY___ ═
2025-06-24 13:37:45,305 INFO     ___FILE_ONLY___ ═
2025-06-24 13:37:45,307 INFO     ___FILE_ONLY___ ═
2025-06-24 13:37:45,309 INFO     ___FILE_ONLY___ ═
2025-06-24 13:37:45,313 INFO     ___FILE_ONLY___ ═
2025-06-24 13:37:45,314 INFO     ___FILE_ONLY___ ═
2025-06-24 13:37:45,316 INFO     ___FILE_ONLY___ ═
2025-06-24 13:37:45,318 INFO     ___FILE_ONLY___ ═
2025-06-24 13:37:45,321 INFO     ___FILE_ONLY___ ═
2025-06-24 13:37:45,323 INFO     ___FILE_ONLY___ ═
2025-06-24 13:37:45,330 INFO     ___FILE_ONLY___ ═
2025-06-24 13:37:45,335 INFO     ___FILE_ONLY___ ═
2025-06-24 13:37:45,339 INFO     ___FILE_ONLY___ ═
2025-06-24 13:37:45,341 INFO     ___FILE_ONLY___ ═
2025-06-24 13:37:45,344 INFO     ___FILE_ONLY___ ═
2025-06-24 13:37:45,346 INFO     ___FILE_ONLY___ ═
2025-06-24 13:37:45,347 INFO     ___FILE_ONLY___ ═
2025-06-24 13:37:45,351 INFO     ___FILE_ONLY___ ═
2025-06-24 13:37:45,354 INFO     ___FILE_ONLY___ ═
2025-06-24 13:37:45,356 INFO     ___FILE_ONLY___ ═
2025-06-24 13:37:45,358 INFO     ___FILE_ONLY___ ═
2025-06-24 13:37:45,360 INFO     ___FILE_ONLY___ ═
2025-06-24 13:37:45,362 INFO     ___FILE_ONLY___ ═
2025-06-24 13:37:45,364 INFO     ___FILE_ONLY___ ═
2025-06-24 13:37:45,366 INFO     ___FILE_ONLY___ ═
2025-06-24 13:37:45,368 INFO     ___FILE_ONLY___ ═
2025-06-24 13:37:45,370 INFO     ___FILE_ONLY___ ═
2025-06-24 13:37:45,372 INFO     ___FILE_ONLY___ ═
2025-06-24 13:37:45,375 INFO     ___FILE_ONLY___ ═
2025-06-24 13:37:45,376 INFO     ___FILE_ONLY___ ═
2025-06-24 13:37:45,378 INFO     ___FILE_ONLY___ ═
2025-06-24 13:37:45,380 INFO     ___FILE_ONLY___ ═
2025-06-24 13:37:45,382 INFO     ___FILE_ONLY___ ═
2025-06-24 13:37:45,384 INFO     ___FILE_ONLY___ ═
2025-06-24 13:37:45,386 INFO     ___FILE_ONLY___ ═
2025-06-24 13:37:45,386 INFO     ___FILE_ONLY___ ╝

2025-06-24 13:37:45,393 INFO     ___FILE_ONLY___ ╔════════════════════════════════════════════════════════════╗

2025-06-24 13:37:45,394 INFO     ___FILE_ONLY___ ╠═ Installing: BigQuery Command Line Tool (Platform Spec... ═╣

2025-06-24 13:37:45,394 INFO     ___FILE_ONLY___ ╚
2025-06-24 13:37:45,394 INFO     ___FILE_ONLY___ ════════════════════════════════════════════════════════════
2025-06-24 13:37:45,394 INFO     ___FILE_ONLY___ ╝

2025-06-24 13:37:45,400 INFO     ___FILE_ONLY___ ╔════════════════════════════════════════════════════════════╗

2025-06-24 13:37:45,400 INFO     ___FILE_ONLY___ ╠═ Installing: Bundled Python 3.12                          ═╣

2025-06-24 13:37:45,400 INFO     ___FILE_ONLY___ ╚
2025-06-24 13:37:45,402 INFO     ___FILE_ONLY___ ════════════════════════════════════════════════════════════
2025-06-24 13:37:45,402 INFO     ___FILE_ONLY___ ╝

2025-06-24 13:37:45,404 INFO     ___FILE_ONLY___ ╔════════════════════════════════════════════════════════════╗

2025-06-24 13:37:45,404 INFO     ___FILE_ONLY___ ╠═ Installing: Bundled Python 3.12 (Platform Specific)      ═╣

2025-06-24 13:37:45,404 INFO     ___FILE_ONLY___ ╚
2025-06-24 13:37:47,626 INFO     ___FILE_ONLY___ ═
2025-06-24 13:37:47,637 INFO     ___FILE_ONLY___ ═
2025-06-24 13:37:47,648 INFO     ___FILE_ONLY___ ═
2025-06-24 13:37:47,659 INFO     ___FILE_ONLY___ ═
2025-06-24 13:37:47,671 INFO     ___FILE_ONLY___ ═
2025-06-24 13:37:47,682 INFO     ___FILE_ONLY___ ═
2025-06-24 13:37:47,695 INFO     ___FILE_ONLY___ ═
2025-06-24 13:37:47,706 INFO     ___FILE_ONLY___ ═
2025-06-24 13:37:47,717 INFO     ___FILE_ONLY___ ═
2025-06-24 13:37:47,728 INFO     ___FILE_ONLY___ ═
2025-06-24 13:37:47,740 INFO     ___FILE_ONLY___ ═
2025-06-24 13:37:47,751 INFO     ___FILE_ONLY___ ═
2025-06-24 13:37:47,763 INFO     ___FILE_ONLY___ ═
2025-06-24 13:37:47,774 INFO     ___FILE_ONLY___ ═
2025-06-24 13:37:47,786 INFO     ___FILE_ONLY___ ═
2025-06-24 13:37:47,797 INFO     ___FILE_ONLY___ ═
2025-06-24 13:37:47,809 INFO     ___FILE_ONLY___ ═
2025-06-24 13:37:47,820 INFO     ___FILE_ONLY___ ═
2025-06-24 13:37:47,832 INFO     ___FILE_ONLY___ ═
2025-06-24 13:37:47,843 INFO     ___FILE_ONLY___ ═
2025-06-24 13:37:47,855 INFO     ___FILE_ONLY___ ═
2025-06-24 13:37:47,867 INFO     ___FILE_ONLY___ ═
2025-06-24 13:37:47,878 INFO     ___FILE_ONLY___ ═
2025-06-24 13:37:47,889 INFO     ___FILE_ONLY___ ═
2025-06-24 13:37:47,901 INFO     ___FILE_ONLY___ ═
2025-06-24 13:37:47,912 INFO     ___FILE_ONLY___ ═
2025-06-24 13:37:47,923 INFO     ___FILE_ONLY___ ═
2025-06-24 13:37:47,934 INFO     ___FILE_ONLY___ ═
2025-06-24 13:37:47,946 INFO     ___FILE_ONLY___ ═
2025-06-24 13:37:47,957 INFO     ___FILE_ONLY___ ═
2025-06-24 13:37:47,970 INFO     ___FILE_ONLY___ ═
2025-06-24 13:37:47,983 INFO     ___FILE_ONLY___ ═
2025-06-24 13:37:47,995 INFO     ___FILE_ONLY___ ═
2025-06-24 13:37:48,007 INFO     ___FILE_ONLY___ ═
2025-06-24 13:37:48,022 INFO     ___FILE_ONLY___ ═
2025-06-24 13:37:48,037 INFO     ___FILE_ONLY___ ═
2025-06-24 13:37:48,898 INFO     ___FILE_ONLY___ ═
2025-06-24 13:37:48,921 INFO     ___FILE_ONLY___ ═
2025-06-24 13:37:49,418 INFO     ___FILE_ONLY___ ═
2025-06-24 13:37:49,436 INFO     ___FILE_ONLY___ ═
2025-06-24 13:37:49,457 INFO     ___FILE_ONLY___ ═
2025-06-24 13:37:49,481 INFO     ___FILE_ONLY___ ═
2025-06-24 13:37:49,499 INFO     ___FILE_ONLY___ ═
2025-06-24 13:37:49,526 INFO     ___FILE_ONLY___ ═
2025-06-24 13:37:49,546 INFO     ___FILE_ONLY___ ═
2025-06-24 13:37:49,565 INFO     ___FILE_ONLY___ ═
2025-06-24 13:37:49,582 INFO     ___FILE_ONLY___ ═
2025-06-24 13:37:49,599 INFO     ___FILE_ONLY___ ═
2025-06-24 13:37:49,690 INFO     ___FILE_ONLY___ ═
2025-06-24 13:37:49,708 INFO     ___FILE_ONLY___ ═
2025-06-24 13:37:49,849 INFO     ___FILE_ONLY___ ═
2025-06-24 13:37:49,865 INFO     ___FILE_ONLY___ ═
2025-06-24 13:37:49,881 INFO     ___FILE_ONLY___ ═
2025-06-24 13:37:49,898 INFO     ___FILE_ONLY___ ═
2025-06-24 13:37:49,913 INFO     ___FILE_ONLY___ ═
2025-06-24 13:37:49,931 INFO     ___FILE_ONLY___ ═
2025-06-24 13:37:49,947 INFO     ___FILE_ONLY___ ═
2025-06-24 13:37:49,963 INFO     ___FILE_ONLY___ ═
2025-06-24 13:37:49,991 INFO     ___FILE_ONLY___ ═
2025-06-24 13:37:50,486 INFO     ___FILE_ONLY___ ═
2025-06-24 13:37:50,486 INFO     ___FILE_ONLY___ ╝

2025-06-24 13:37:50,539 INFO     ___FILE_ONLY___ ╔════════════════════════════════════════════════════════════╗

2025-06-24 13:37:50,539 INFO     ___FILE_ONLY___ ╠═ Installing: Cloud Storage Command Line Tool              ═╣

2025-06-24 13:37:50,539 INFO     ___FILE_ONLY___ ╚
2025-06-24 13:37:51,073 INFO     ___FILE_ONLY___ ═
2025-06-24 13:37:51,090 INFO     ___FILE_ONLY___ ═
2025-06-24 13:37:51,101 INFO     ___FILE_ONLY___ ═
2025-06-24 13:37:51,111 INFO     ___FILE_ONLY___ ═
2025-06-24 13:37:51,121 INFO     ___FILE_ONLY___ ═
2025-06-24 13:37:51,159 INFO     ___FILE_ONLY___ ═
2025-06-24 13:37:51,173 INFO     ___FILE_ONLY___ ═
2025-06-24 13:37:51,189 INFO     ___FILE_ONLY___ ═
2025-06-24 13:37:51,200 INFO     ___FILE_ONLY___ ═
2025-06-24 13:37:51,217 INFO     ___FILE_ONLY___ ═
2025-06-24 13:37:51,229 INFO     ___FILE_ONLY___ ═
2025-06-24 13:37:51,240 INFO     ___FILE_ONLY___ ═
2025-06-24 13:37:51,251 INFO     ___FILE_ONLY___ ═
2025-06-24 13:37:51,259 INFO     ___FILE_ONLY___ ═
2025-06-24 13:37:51,271 INFO     ___FILE_ONLY___ ═
2025-06-24 13:37:51,287 INFO     ___FILE_ONLY___ ═
2025-06-24 13:37:51,300 INFO     ___FILE_ONLY___ ═
2025-06-24 13:37:51,310 INFO     ___FILE_ONLY___ ═
2025-06-24 13:37:51,323 INFO     ___FILE_ONLY___ ═
2025-06-24 13:37:51,332 INFO     ___FILE_ONLY___ ═
2025-06-24 13:37:51,343 INFO     ___FILE_ONLY___ ═
2025-06-24 13:37:51,353 INFO     ___FILE_ONLY___ ═
2025-06-24 13:37:51,363 INFO     ___FILE_ONLY___ ═
2025-06-24 13:37:51,372 INFO     ___FILE_ONLY___ ═
2025-06-24 13:37:51,382 INFO     ___FILE_ONLY___ ═
2025-06-24 13:37:51,392 INFO     ___FILE_ONLY___ ═
2025-06-24 13:37:51,403 INFO     ___FILE_ONLY___ ═
2025-06-24 13:37:51,420 INFO     ___FILE_ONLY___ ═
2025-06-24 13:37:51,431 INFO     ___FILE_ONLY___ ═
2025-06-24 13:37:51,441 INFO     ___FILE_ONLY___ ═
2025-06-24 13:37:51,460 INFO     ___FILE_ONLY___ ═
2025-06-24 13:37:51,475 INFO     ___FILE_ONLY___ ═
2025-06-24 13:37:51,492 INFO     ___FILE_ONLY___ ═
2025-06-24 13:37:51,509 INFO     ___FILE_ONLY___ ═
2025-06-24 13:37:51,523 INFO     ___FILE_ONLY___ ═
2025-06-24 13:37:51,535 INFO     ___FILE_ONLY___ ═
2025-06-24 13:37:51,544 INFO     ___FILE_ONLY___ ═
2025-06-24 13:37:51,558 INFO     ___FILE_ONLY___ ═
2025-06-24 13:37:51,571 INFO     ___FILE_ONLY___ ═
2025-06-24 13:37:51,582 INFO     ___FILE_ONLY___ ═
2025-06-24 13:37:51,592 INFO     ___FILE_ONLY___ ═
2025-06-24 13:37:51,602 INFO     ___FILE_ONLY___ ═
2025-06-24 13:37:51,612 INFO     ___FILE_ONLY___ ═
2025-06-24 13:37:51,622 INFO     ___FILE_ONLY___ ═
2025-06-24 13:37:51,631 INFO     ___FILE_ONLY___ ═
2025-06-24 13:37:51,640 INFO     ___FILE_ONLY___ ═
2025-06-24 13:37:51,649 INFO     ___FILE_ONLY___ ═
2025-06-24 13:37:51,658 INFO     ___FILE_ONLY___ ═
2025-06-24 13:37:51,668 INFO     ___FILE_ONLY___ ═
2025-06-24 13:37:51,680 INFO     ___FILE_ONLY___ ═
2025-06-24 13:37:51,693 INFO     ___FILE_ONLY___ ═
2025-06-24 13:37:51,706 INFO     ___FILE_ONLY___ ═
2025-06-24 13:37:51,717 INFO     ___FILE_ONLY___ ═
2025-06-24 13:37:51,731 INFO     ___FILE_ONLY___ ═
2025-06-24 13:37:51,742 INFO     ___FILE_ONLY___ ═
2025-06-24 13:37:51,756 INFO     ___FILE_ONLY___ ═
2025-06-24 13:37:51,772 INFO     ___FILE_ONLY___ ═
2025-06-24 13:37:51,792 INFO     ___FILE_ONLY___ ═
2025-06-24 13:37:51,807 INFO     ___FILE_ONLY___ ═
2025-06-24 13:37:51,824 INFO     ___FILE_ONLY___ ═
2025-06-24 13:37:51,824 INFO     ___FILE_ONLY___ ╝

2025-06-24 13:37:51,855 INFO     ___FILE_ONLY___ ╔════════════════════════════════════════════════════════════╗

2025-06-24 13:37:51,855 INFO     ___FILE_ONLY___ ╠═ Installing: Cloud Storage Command Line Tool (Platform... ═╣

2025-06-24 13:37:51,855 INFO     ___FILE_ONLY___ ╚
2025-06-24 13:37:51,856 INFO     ___FILE_ONLY___ ════════════════════════════════════════════════════════════
2025-06-24 13:37:51,856 INFO     ___FILE_ONLY___ ╝

2025-06-24 13:37:51,860 INFO     ___FILE_ONLY___ ╔════════════════════════════════════════════════════════════╗

2025-06-24 13:37:51,860 INFO     ___FILE_ONLY___ ╠═ Installing: Default set of gcloud commands               ═╣

2025-06-24 13:37:51,860 INFO     ___FILE_ONLY___ ╚
2025-06-24 13:37:51,863 INFO     ___FILE_ONLY___ ════════════════════════════════════════════════════════════
2025-06-24 13:37:51,863 INFO     ___FILE_ONLY___ ╝

2025-06-24 13:37:51,864 INFO     ___FILE_ONLY___ ╔════════════════════════════════════════════════════════════╗

2025-06-24 13:37:51,864 INFO     ___FILE_ONLY___ ╠═ Installing: Google Cloud CLI Core Libraries (Platform... ═╣

2025-06-24 13:37:51,864 INFO     ___FILE_ONLY___ ╚
2025-06-24 13:37:51,865 INFO     ___FILE_ONLY___ ══════════════════════════════
2025-06-24 13:37:51,866 INFO     ___FILE_ONLY___ ══════════════════════════════
2025-06-24 13:37:51,866 INFO     ___FILE_ONLY___ ╝

2025-06-24 13:37:51,870 INFO     ___FILE_ONLY___ ╔════════════════════════════════════════════════════════════╗

2025-06-24 13:37:51,870 INFO     ___FILE_ONLY___ ╠═ Installing: Google Cloud CRC32C Hash Tool                ═╣

2025-06-24 13:37:51,870 INFO     ___FILE_ONLY___ ╚
2025-06-24 13:37:51,872 INFO     ___FILE_ONLY___ ════════════════════════════════════════════════════════════
2025-06-24 13:37:51,872 INFO     ___FILE_ONLY___ ╝

2025-06-24 13:37:51,874 INFO     ___FILE_ONLY___ ╔════════════════════════════════════════════════════════════╗

2025-06-24 13:37:51,874 INFO     ___FILE_ONLY___ ╠═ Installing: Google Cloud CRC32C Hash Tool (Platform S... ═╣

2025-06-24 13:37:51,874 INFO     ___FILE_ONLY___ ╚
2025-06-24 13:37:51,913 INFO     ___FILE_ONLY___ ══════════════════════════════
2025-06-24 13:37:51,913 INFO     ___FILE_ONLY___ ══════════════════════════════
2025-06-24 13:37:51,913 INFO     ___FILE_ONLY___ ╝

2025-06-24 13:37:51,918 INFO     ___FILE_ONLY___ ╔════════════════════════════════════════════════════════════╗

2025-06-24 13:37:51,918 INFO     ___FILE_ONLY___ ╠═ Installing: gcloud cli dependencies (Platform Specific)  ═╣

2025-06-24 13:37:51,918 INFO     ___FILE_ONLY___ ╚
2025-06-24 13:37:51,918 INFO     ___FILE_ONLY___ ════════════════════════════════════════════════════════════
2025-06-24 13:37:51,918 INFO     ___FILE_ONLY___ ╝

2025-06-24 13:37:51,923 DEBUG    root            Updating notification cache...
2025-06-24 13:37:51,924 INFO     ___FILE_ONLY___ 

2025-06-24 13:37:51,925 INFO     ___FILE_ONLY___ Performing post processing steps...
2025-06-24 13:37:51,926 DEBUG    root            Executing command: ['/tools/google-cloud-sdk/bin/gcloud', 'components', 'post-process']
2025-06-24 13:38:00,619 DEBUG    ___FILE_ONLY___ 
2025-06-24 13:38:00,619 DEBUG    ___FILE_ONLY___ 
2025-06-24 13:38:00,697 INFO     root            descriptor_list: [{'universeDomain': 'googleapis.com', 'universeShortName': '', 'authenticationDomain': 'auth.cloud.google.com', 'projectPrefix': '', 'cloudWebDomain': 'cloud.google.com', 'documentationDomain': 'cloud.google.com', 'version': '1.0.0', 'state': 'primary', 'artifactRegistryDomain': 'pkg.dev'}]
2025-06-24 13:38:00,697 INFO     ___FILE_ONLY___ 
Update done!


2025-06-24 13:38:00,701 DEBUG    root            Chosen display Format:none
2025-06-24 13:38:00,701 INFO     root            Display format: "none"
